# JRE version: OpenJDK Runtime Environment (17.0.10) (build 17.0.10+0--11572160)
# Java VM: OpenJDK 64-Bit Server VM (17.0.10+0--11572160, mixed mode, tiered, compressed oops, compressed class ptrs, g1 gc, windows-amd64)
GC Precious Log:
 CPUs: 12 total, 12 available
 Memory: 6005M
 Large Page Support: Disabled
 NUMA Support: Disabled
 Compressed Oops: Enabled (Zero based)
 Heap Region Size: 4M
 Heap Min Capacity: 8M
 Heap Initial Capacity: 96M
 Heap Max Capacity: 4608M
 Pre-touch: Disabled
 Parallel Workers: 10
 Concurrent Workers: 3
 Concurrent Refinement Workers: 10
 Periodic GC: Disabled
Heap:
 garbage-first heap   total 778240K, used 250580K [0x00000006e0000000, 0x0000000800000000)
  region size 4096K, 2 young (8192K), 2 survivors (8192K)
 Metaspace       used 146615K, committed 147904K, reserved 1179648K
  class space    used 19255K, committed 19840K, reserved 1048576K
GC Heap History (20 events):
Event: 135.262 GC heap after
{Heap after GC invocations=72 (full 0):
 garbage-first heap   total 643072K, used 185753K [0x00000006e0000000, 0x0000000800000000)
  region size 4096K, 3 young (12288K), 3 survivors (12288K)
 Metaspace       used 146610K, committed 147904K, reserved 1179648K
  class space    used 19254K, committed 19840K, reserved 1048576K
}
Event: 135.851 GC heap before
{Heap before GC invocations=72 (full 0):
 garbage-first heap   total 643072K, used 263577K [0x00000006e0000000, 0x0000000800000000)
  region size 4096K, 4 young (16384K), 3 survivors (12288K)
 Metaspace       used 146613K, committed 147904K, reserved 1179648K
  class space    used 19255K, committed 19840K, reserved 1048576K
}
Event: 135.867 GC heap after
{Heap after GC invocations=73 (full 0):
 garbage-first heap   total 643072K, used 217959K [0x00000006e0000000, 0x0000000800000000)
  region size 4096K, 3 young (12288K), 3 survivors (12288K)
 Metaspace       used 146613K, committed 147904K, reserved 1179648K
  class space    used 19255K, committed 19840K, reserved 1048576K
}
Event: 136.086 GC heap before
{Heap before GC invocations=73 (full 0):
 garbage-first heap   total 643072K, used 316263K [0x00000006e0000000, 0x0000000800000000)
  region size 4096K, 4 young (16384K), 3 survivors (12288K)
 Metaspace       used 146613K, committed 147904K, reserved 1179648K
  class space    used 19255K, committed 19840K, reserved 1048576K
}
Event: 136.101 GC heap after
{Heap after GC invocations=74 (full 0):
 garbage-first heap   total 643072K, used 258803K [0x00000006e0000000, 0x0000000800000000)
  region size 4096K, 3 young (12288K), 3 survivors (12288K)
 Metaspace       used 146613K, committed 147904K, reserved 1179648K
  class space    used 19255K, committed 19840K, reserved 1048576K
}
Event: 136.177 GC heap before
{Heap before GC invocations=74 (full 0):
 garbage-first heap   total 643072K, used 291571K [0x00000006e0000000, 0x0000000800000000)
  region size 4096K, 4 young (16384K), 3 survivors (12288K)
 Metaspace       used 146613K, committed 147904K, reserved 1179648K
  class space    used 19255K, committed 19840K, reserved 1048576K
}
Event: 136.193 GC heap after
{Heap after GC invocations=75 (full 0):
 garbage-first heap   total 778240K, used 270869K [0x00000006e0000000, 0x0000000800000000)
  region size 4096K, 3 young (12288K), 3 survivors (12288K)
 Metaspace       used 146613K, committed 147904K, reserved 1179648K
  class space    used 19255K, committed 19840K, reserved 1048576K
}
Event: 136.300 GC heap before
{Heap before GC invocations=75 (full 0):
 garbage-first heap   total 778240K, used 311829K [0x00000006e0000000, 0x0000000800000000)
  region size 4096K, 4 young (16384K), 3 survivors (12288K)
 Metaspace       used 146613K, committed 147904K, reserved 1179648K
  class space    used 19255K, committed 19840K, reserved 1048576K
}
Event: 136.334 GC heap after
{Heap after GC invocations=76 (full 0):
 garbage-first heap   total 778240K, used 201424K [0x00000006e0000000, 0x0000000800000000)
  region size 4096K, 3 young (12288K), 3 survivors (12288K)
 Metaspace       used 146613K, committed 147904K, reserved 1179648K
  class space    used 19255K, committed 19840K, reserved 1048576K
}
Event: 136.572 GC heap before
{Heap before GC invocations=76 (full 0):
 garbage-first heap   total 778240K, used 242384K [0x00000006e0000000, 0x0000000800000000)
  region size 4096K, 5 young (20480K), 3 survivors (12288K)
 Metaspace       used 146613K, committed 147904K, reserved 1179648K
  class space    used 19255K, committed 19840K, reserved 1048576K
}
Event: 136.585 GC heap after
{Heap after GC invocations=77 (full 0):
 garbage-first heap   total 778240K, used 217806K [0x00000006e0000000, 0x0000000800000000)
  region size 4096K, 3 young (12288K), 3 survivors (12288K)
 Metaspace       used 146613K, committed 147904K, reserved 1179648K
  class space    used 19255K, committed 19840K, reserved 1048576K
}
Event: 136.687 GC heap before
{Heap before GC invocations=77 (full 0):
 garbage-first heap   total 778240K, used 287438K [0x00000006e0000000, 0x0000000800000000)
  region size 4096K, 4 young (16384K), 3 survivors (12288K)
 Metaspace       used 146613K, committed 147904K, reserved 1179648K
  class space    used 19255K, committed 19840K, reserved 1048576K
}
Event: 136.698 GC heap after
{Heap after GC invocations=78 (full 0):
 garbage-first heap   total 778240K, used 250568K [0x00000006e0000000, 0x0000000800000000)
  region size 4096K, 3 young (12288K), 3 survivors (12288K)
 Metaspace       used 146613K, committed 147904K, reserved 1179648K
  class space    used 19255K, committed 19840K, reserved 1048576K
}
Event: 145.142 GC heap before
{Heap before GC invocations=79 (full 0):
 garbage-first heap   total 778240K, used 307912K [0x00000006e0000000, 0x0000000800000000)
  region size 4096K, 8 young (32768K), 3 survivors (12288K)
 Metaspace       used 146615K, committed 147904K, reserved 1179648K
  class space    used 19255K, committed 19840K, reserved 1048576K
}
Event: 145.158 GC heap after
{Heap after GC invocations=80 (full 0):
 garbage-first heap   total 778240K, used 180933K [0x00000006e0000000, 0x0000000800000000)
  region size 4096K, 3 young (12288K), 3 survivors (12288K)
 Metaspace       used 146615K, committed 147904K, reserved 1179648K
  class space    used 19255K, committed 19840K, reserved 1048576K
}
Event: 145.260 GC heap before
{Heap before GC invocations=80 (full 0):
 garbage-first heap   total 778240K, used 258757K [0x00000006e0000000, 0x0000000800000000)
  region size 4096K, 4 young (16384K), 3 survivors (12288K)
 Metaspace       used 146615K, committed 147904K, reserved 1179648K
  class space    used 19255K, committed 19840K, reserved 1048576K
}
Event: 145.282 GC heap after
{Heap after GC invocations=81 (full 0):
 garbage-first heap   total 778240K, used 182007K [0x00000006e0000000, 0x0000000800000000)
  region size 4096K, 3 young (12288K), 3 survivors (12288K)
 Metaspace       used 146615K, committed 147904K, reserved 1179648K
  class space    used 19255K, committed 19840K, reserved 1048576K
}
Event: 145.687 GC heap before
{Heap before GC invocations=82 (full 0):
 garbage-first heap   total 778240K, used 263927K [0x00000006e0000000, 0x0000000800000000)
  region size 4096K, 4 young (16384K), 3 survivors (12288K)
 Metaspace       used 146615K, committed 147904K, reserved 1179648K
  class space    used 19255K, committed 19840K, reserved 1048576K
}
Event: 145.710 GC heap after
{Heap after GC invocations=83 (full 0):
 garbage-first heap   total 778240K, used 218271K [0x00000006e0000000, 0x0000000800000000)
  region size 4096K, 3 young (12288K), 3 survivors (12288K)
 Metaspace       used 146615K, committed 147904K, reserved 1179648K
  class space    used 19255K, committed 19840K, reserved 1048576K
}
Event: 145.809 GC heap before
{Heap before GC invocations=83 (full 0):
 garbage-first heap   total 778240K, used 287903K [0x00000006e0000000, 0x0000000800000000)
  region size 4096K, 4 young (16384K), 3 survivors (12288K)
 Metaspace       used 146615K, committed 147904K, reserved 1179648K
  class space    used 19255K, committed 19840K, reserved 1048576K
}

