# JRE version: OpenJDK Runtime Environment (17.0.10) (build 17.0.10+0--11572160)
# Java VM: OpenJDK 64-Bit Server VM (17.0.10+0--11572160, mixed mode, tiered, compressed oops, compressed class ptrs, g1 gc, windows-amd64)
GC Precious Log:
 CPUs: 12 total, 12 available
 Memory: 6005M
 Large Page Support: Disabled
 NUMA Support: Disabled
 Compressed Oops: Enabled (Zero based)
 Heap Region Size: 4M
 Heap Min Capacity: 8M
 Heap Initial Capacity: 96M
 Heap Max Capacity: 4608M
 Pre-touch: Disabled
 Parallel Workers: 10
 Concurrent Workers: 3
 Concurrent Refinement Workers: 10
 Periodic GC: Disabled
Heap:
 garbage-first heap   total 761856K, used 359397K [0x00000006e0000000, 0x0000000800000000)
  region size 4096K, 7 young (28672K), 7 survivors (28672K)
 Metaspace       used 170851K, committed 172736K, reserved 1245184K
  class space    used 22639K, committed 23488K, reserved 1048576K
GC Heap History (20 events):
Event: 3297.862 GC heap after
{Heap after GC invocations=79 (full 0):
 garbage-first heap   total 761856K, used 236579K [0x00000006e0000000, 0x0000000800000000)
  region size 4096K, 1 young (4096K), 1 survivors (4096K)
 Metaspace       used 127591K, committed 129216K, reserved 1179648K
  class space    used 17405K, committed 18112K, reserved 1048576K
}
Event: 3308.423 GC heap before
{Heap before GC invocations=79 (full 0):
 garbage-first heap   total 761856K, used 609315K [0x00000006e0000000, 0x0000000800000000)
  region size 4096K, 93 young (380928K), 1 survivors (4096K)
 Metaspace       used 146138K, committed 147904K, reserved 1179648K
  class space    used 19648K, committed 20480K, reserved 1048576K
}
Event: 3308.465 GC heap after
{Heap after GC invocations=80 (full 0):
 garbage-first heap   total 761856K, used 261481K [0x00000006e0000000, 0x0000000800000000)
  region size 4096K, 7 young (28672K), 7 survivors (28672K)
 Metaspace       used 146138K, committed 147904K, reserved 1179648K
  class space    used 19648K, committed 20480K, reserved 1048576K
}
Event: 3324.143 GC heap before
{Heap before GC invocations=81 (full 0):
 garbage-first heap   total 761856K, used 653068K [0x00000006e0000000, 0x0000000800000000)
  region size 4096K, 92 young (376832K), 7 survivors (28672K)
 Metaspace       used 156243K, committed 158144K, reserved 1245184K
  class space    used 20641K, committed 21504K, reserved 1048576K
}
Event: 3324.199 GC heap after
{Heap after GC invocations=82 (full 0):
 garbage-first heap   total 761856K, used 259161K [0x00000006e0000000, 0x0000000800000000)
  region size 4096K, 4 young (16384K), 4 survivors (16384K)
 Metaspace       used 156243K, committed 158144K, reserved 1245184K
  class space    used 20641K, committed 21504K, reserved 1048576K
}
Event: 3324.940 GC heap before
{Heap before GC invocations=82 (full 0):
 garbage-first heap   total 761856K, used 279641K [0x00000006e0000000, 0x0000000800000000)
  region size 4096K, 9 young (36864K), 4 survivors (16384K)
 Metaspace       used 156303K, committed 158144K, reserved 1245184K
  class space    used 20642K, committed 21504K, reserved 1048576K
}
Event: 3324.956 GC heap after
{Heap after GC invocations=83 (full 0):
 garbage-first heap   total 761856K, used 225626K [0x00000006e0000000, 0x0000000800000000)
  region size 4096K, 1 young (4096K), 1 survivors (4096K)
 Metaspace       used 156303K, committed 158144K, reserved 1245184K
  class space    used 20642K, committed 21504K, reserved 1048576K
}
Event: 3335.344 GC heap before
{Heap before GC invocations=83 (full 0):
 garbage-first heap   total 761856K, used 614746K [0x00000006e0000000, 0x0000000800000000)
  region size 4096K, 97 young (397312K), 1 survivors (4096K)
 Metaspace       used 158152K, committed 160128K, reserved 1245184K
  class space    used 20842K, committed 21760K, reserved 1048576K
}
Event: 3335.386 GC heap after
{Heap after GC invocations=84 (full 0):
 garbage-first heap   total 761856K, used 248239K [0x00000006e0000000, 0x0000000800000000)
  region size 4096K, 7 young (28672K), 7 survivors (28672K)
 Metaspace       used 158152K, committed 160128K, reserved 1245184K
  class space    used 20842K, committed 21760K, reserved 1048576K
}
Event: 3338.414 GC heap before
{Heap before GC invocations=85 (full 0):
 garbage-first heap   total 761856K, used 608687K [0x00000006e0000000, 0x0000000800000000)
  region size 4096K, 96 young (393216K), 7 survivors (28672K)
 Metaspace       used 162133K, committed 164096K, reserved 1245184K
  class space    used 21368K, committed 22272K, reserved 1048576K
}
Event: 3338.841 GC heap after
{Heap after GC invocations=86 (full 0):
 garbage-first heap   total 761856K, used 313756K [0x00000006e0000000, 0x0000000800000000)
  region size 4096K, 12 young (49152K), 12 survivors (49152K)
 Metaspace       used 162133K, committed 164096K, reserved 1245184K
  class space    used 21368K, committed 22272K, reserved 1048576K
}
Event: 3338.896 GC heap before
{Heap before GC invocations=86 (full 0):
 garbage-first heap   total 761856K, used 317852K [0x00000006e0000000, 0x0000000800000000)
  region size 4096K, 13 young (53248K), 12 survivors (49152K)
 Metaspace       used 162133K, committed 164096K, reserved 1245184K
  class space    used 21368K, committed 22272K, reserved 1048576K
}
Event: 3339.004 GC heap after
{Heap after GC invocations=87 (full 0):
 garbage-first heap   total 761856K, used 316543K [0x00000006e0000000, 0x0000000800000000)
  region size 4096K, 2 young (8192K), 2 survivors (8192K)
 Metaspace       used 162133K, committed 164096K, reserved 1245184K
  class space    used 21368K, committed 22272K, reserved 1048576K
}
Event: 3339.857 GC heap before
{Heap before GC invocations=87 (full 0):
 garbage-first heap   total 761856K, used 377983K [0x00000006e0000000, 0x0000000800000000)
  region size 4096K, 18 young (73728K), 2 survivors (8192K)
 Metaspace       used 162931K, committed 164864K, reserved 1245184K
  class space    used 21497K, committed 22400K, reserved 1048576K
}
Event: 3339.874 GC heap after
{Heap after GC invocations=88 (full 0):
 garbage-first heap   total 761856K, used 325332K [0x00000006e0000000, 0x0000000800000000)
  region size 4096K, 4 young (16384K), 4 survivors (16384K)
 Metaspace       used 162931K, committed 164864K, reserved 1245184K
  class space    used 21497K, committed 22400K, reserved 1048576K
}
Event: 3344.542 GC heap before
{Heap before GC invocations=89 (full 0):
 garbage-first heap   total 761856K, used 489172K [0x00000006e0000000, 0x0000000800000000)
  region size 4096K, 42 young (172032K), 4 survivors (16384K)
 Metaspace       used 167404K, committed 169280K, reserved 1245184K
  class space    used 22093K, committed 22976K, reserved 1048576K
}
Event: 3344.587 GC heap after
{Heap after GC invocations=90 (full 0):
 garbage-first heap   total 761856K, used 338242K [0x00000006e0000000, 0x0000000800000000)
  region size 4096K, 3 young (12288K), 3 survivors (12288K)
 Metaspace       used 167404K, committed 169280K, reserved 1245184K
  class space    used 22093K, committed 22976K, reserved 1048576K
}
Event: 3345.160 GC heap before
{Heap before GC invocations=90 (full 0):
 garbage-first heap   total 761856K, used 362818K [0x00000006e0000000, 0x0000000800000000)
  region size 4096K, 9 young (36864K), 3 survivors (12288K)
 Metaspace       used 167678K, committed 169536K, reserved 1245184K
  class space    used 22105K, committed 22976K, reserved 1048576K
}
Event: 3345.228 GC heap after
{Heap after GC invocations=91 (full 0):
 garbage-first heap   total 761856K, used 336305K [0x00000006e0000000, 0x0000000800000000)
  region size 4096K, 1 young (4096K), 1 survivors (4096K)
 Metaspace       used 167678K, committed 169536K, reserved 1245184K
  class space    used 22105K, committed 22976K, reserved 1048576K
}
Event: 3349.675 GC heap before
{Heap before GC invocations=91 (full 0):
 garbage-first heap   total 761856K, used 594353K [0x00000006e0000000, 0x0000000800000000)
  region size 4096K, 64 young (262144K), 1 survivors (4096K)
 Metaspace       used 170851K, committed 172736K, reserved 1245184K
  class space    used 22639K, committed 23488K, reserved 1048576K
}

