# JRE version: OpenJDK Runtime Environment (17.0.10) (build 17.0.10+0--11572160)
# Java VM: OpenJDK 64-Bit Server VM (17.0.10+0--11572160, mixed mode, tiered, compressed oops, compressed class ptrs, g1 gc, windows-amd64)
GC Precious Log:
 CPUs: 12 total, 12 available
 Memory: 6005M
 Large Page Support: Disabled
 NUMA Support: Disabled
 Compressed Oops: Enabled (Zero based)
 Heap Region Size: 4M
 Heap Min Capacity: 8M
 Heap Initial Capacity: 96M
 Heap Max Capacity: 4608M
 Pre-touch: Disabled
 Parallel Workers: 10
 Concurrent Workers: 3
 Concurrent Refinement Workers: 10
 Periodic GC: Disabled
Heap:
 garbage-first heap   total 716800K, used 310272K [0x00000006e0000000, 0x0000000800000000)
  region size 4096K, 1 young (4096K), 1 survivors (4096K)
 Metaspace       used 121230K, committed 122880K, reserved 1179648K
  class space    used 16545K, committed 17280K, reserved 1048576K
GC Heap History (20 events):
Event: 6291.090 GC heap after
{Heap after GC invocations=79 (full 0):
 garbage-first heap   total 643072K, used 205013K [0x00000006e0000000, 0x0000000800000000)
  region size 4096K, 1 young (4096K), 1 survivors (4096K)
 Metaspace       used 119893K, committed 121408K, reserved 1179648K
  class space    used 16472K, committed 17152K, reserved 1048576K
}
Event: 7642.073 GC heap before
{Heap before GC invocations=79 (full 0):
 garbage-first heap   total 643072K, used 229589K [0x00000006e0000000, 0x0000000800000000)
  region size 4096K, 7 young (28672K), 1 survivors (4096K)
 Metaspace       used 119893K, committed 121408K, reserved 1179648K
  class space    used 16472K, committed 17152K, reserved 1048576K
}
Event: 7642.159 GC heap after
{Heap after GC invocations=80 (full 0):
 garbage-first heap   total 643072K, used 201124K [0x00000006e0000000, 0x0000000800000000)
  region size 4096K, 1 young (4096K), 1 survivors (4096K)
 Metaspace       used 119893K, committed 121408K, reserved 1179648K
  class space    used 16472K, committed 17152K, reserved 1048576K
}
Event: 8252.516 GC heap before
{Heap before GC invocations=80 (full 0):
 garbage-first heap   total 643072K, used 225700K [0x00000006e0000000, 0x0000000800000000)
  region size 4096K, 7 young (28672K), 1 survivors (4096K)
 Metaspace       used 119923K, committed 121472K, reserved 1179648K
  class space    used 16473K, committed 17152K, reserved 1048576K
}
Event: 8252.638 GC heap after
{Heap after GC invocations=81 (full 0):
 garbage-first heap   total 643072K, used 199011K [0x00000006e0000000, 0x0000000800000000)
  region size 4096K, 1 young (4096K), 1 survivors (4096K)
 Metaspace       used 119923K, committed 121472K, reserved 1179648K
  class space    used 16473K, committed 17152K, reserved 1048576K
}
Event: 8254.215 GC heap before
{Heap before GC invocations=81 (full 0):
 garbage-first heap   total 643072K, used 223587K [0x00000006e0000000, 0x0000000800000000)
  region size 4096K, 7 young (28672K), 1 survivors (4096K)
 Metaspace       used 119980K, committed 121472K, reserved 1179648K
  class space    used 16476K, committed 17152K, reserved 1048576K
}
Event: 8254.276 GC heap after
{Heap after GC invocations=82 (full 0):
 garbage-first heap   total 643072K, used 199102K [0x00000006e0000000, 0x0000000800000000)
  region size 4096K, 1 young (4096K), 1 survivors (4096K)
 Metaspace       used 119980K, committed 121472K, reserved 1179648K
  class space    used 16476K, committed 17152K, reserved 1048576K
}
Event: 8255.956 GC heap before
{Heap before GC invocations=82 (full 0):
 garbage-first heap   total 643072K, used 256446K [0x00000006e0000000, 0x0000000800000000)
  region size 4096K, 15 young (61440K), 1 survivors (4096K)
 Metaspace       used 120252K, committed 121792K, reserved 1179648K
  class space    used 16508K, committed 17216K, reserved 1048576K
}
Event: 8255.999 GC heap after
{Heap after GC invocations=83 (full 0):
 garbage-first heap   total 643072K, used 205674K [0x00000006e0000000, 0x0000000800000000)
  region size 4096K, 2 young (8192K), 2 survivors (8192K)
 Metaspace       used 120252K, committed 121792K, reserved 1179648K
  class space    used 16508K, committed 17216K, reserved 1048576K
}
Event: 8256.408 GC heap before
{Heap before GC invocations=83 (full 0):
 garbage-first heap   total 643072K, used 226154K [0x00000006e0000000, 0x0000000800000000)
  region size 4096K, 7 young (28672K), 2 survivors (8192K)
 Metaspace       used 120304K, committed 121920K, reserved 1179648K
  class space    used 16510K, committed 17216K, reserved 1048576K
}
Event: 8256.440 GC heap after
{Heap after GC invocations=84 (full 0):
 garbage-first heap   total 643072K, used 210028K [0x00000006e0000000, 0x0000000800000000)
  region size 4096K, 1 young (4096K), 1 survivors (4096K)
 Metaspace       used 120304K, committed 121920K, reserved 1179648K
  class space    used 16510K, committed 17216K, reserved 1048576K
}
Event: 8285.992 GC heap before
{Heap before GC invocations=85 (full 0):
 garbage-first heap   total 716800K, used 644204K [0x00000006e0000000, 0x0000000800000000)
  region size 4096K, 72 young (294912K), 1 survivors (4096K)
 Metaspace       used 121228K, committed 122880K, reserved 1179648K
  class space    used 16545K, committed 17280K, reserved 1048576K
}
Event: 8286.066 GC heap after
{Heap after GC invocations=86 (full 0):
 garbage-first heap   total 716800K, used 253383K [0x00000006e0000000, 0x0000000800000000)
  region size 4096K, 9 young (36864K), 9 survivors (36864K)
 Metaspace       used 121228K, committed 122880K, reserved 1179648K
  class space    used 16545K, committed 17280K, reserved 1048576K
}
Event: 8286.070 GC heap before
{Heap before GC invocations=86 (full 0):
 garbage-first heap   total 716800K, used 253383K [0x00000006e0000000, 0x0000000800000000)
  region size 4096K, 10 young (40960K), 9 survivors (36864K)
 Metaspace       used 121228K, committed 122880K, reserved 1179648K
  class space    used 16545K, committed 17280K, reserved 1048576K
}
Event: 8286.104 GC heap after
{Heap after GC invocations=87 (full 0):
 garbage-first heap   total 716800K, used 253769K [0x00000006e0000000, 0x0000000800000000)
  region size 4096K, 2 young (8192K), 2 survivors (8192K)
 Metaspace       used 121228K, committed 122880K, reserved 1179648K
  class space    used 16545K, committed 17280K, reserved 1048576K
}
Event: 8286.130 GC heap before
{Heap before GC invocations=87 (full 0):
 garbage-first heap   total 716800K, used 274249K [0x00000006e0000000, 0x0000000800000000)
  region size 4096K, 8 young (32768K), 2 survivors (8192K)
 Metaspace       used 121228K, committed 122880K, reserved 1179648K
  class space    used 16545K, committed 17280K, reserved 1048576K
}
Event: 8286.147 GC heap after
{Heap after GC invocations=88 (full 0):
 garbage-first heap   total 716800K, used 273408K [0x00000006e0000000, 0x0000000800000000)
  region size 4096K, 1 young (4096K), 1 survivors (4096K)
 Metaspace       used 121228K, committed 122880K, reserved 1179648K
  class space    used 16545K, committed 17280K, reserved 1048576K
}
Event: 8286.171 GC heap before
{Heap before GC invocations=88 (full 0):
 garbage-first heap   total 716800K, used 297984K [0x00000006e0000000, 0x0000000800000000)
  region size 4096K, 8 young (32768K), 1 survivors (4096K)
 Metaspace       used 121230K, committed 122880K, reserved 1179648K
  class space    used 16545K, committed 17280K, reserved 1048576K
}
Event: 8286.180 GC heap after
{Heap after GC invocations=89 (full 0):
 garbage-first heap   total 716800K, used 291840K [0x00000006e0000000, 0x0000000800000000)
  region size 4096K, 1 young (4096K), 1 survivors (4096K)
 Metaspace       used 121230K, committed 122880K, reserved 1179648K
  class space    used 16545K, committed 17280K, reserved 1048576K
}
Event: 8286.206 GC heap before
{Heap before GC invocations=89 (full 0):
 garbage-first heap   total 716800K, used 316416K [0x00000006e0000000, 0x0000000800000000)
  region size 4096K, 8 young (32768K), 1 survivors (4096K)
 Metaspace       used 121230K, committed 122880K, reserved 1179648K
  class space    used 16545K, committed 17280K, reserved 1048576K
}

