# JRE version: OpenJDK Runtime Environment (17.0.10) (build 17.0.10+0--11572160)
# Java VM: OpenJDK 64-Bit Server VM (17.0.10+0--11572160, mixed mode, tiered, compressed oops, compressed class ptrs, g1 gc, windows-amd64)
GC Precious Log:
 CPUs: 12 total, 12 available
 Memory: 6005M
 Large Page Support: Disabled
 NUMA Support: Disabled
 Compressed Oops: Enabled (Zero based)
 Heap Region Size: 4M
 Heap Min Capacity: 8M
 Heap Initial Capacity: 96M
 Heap Max Capacity: 4608M
 Pre-touch: Disabled
 Parallel Workers: 10
 Concurrent Workers: 3
 Concurrent Refinement Workers: 10
 Periodic GC: Disabled
Heap:
 garbage-first heap   total 1040384K, used 723407K [0x00000006e0000000, 0x0000000800000000)
  region size 4096K, 3 young (12288K), 2 survivors (8192K)
 Metaspace       used 119686K, committed 121024K, reserved 1179648K
  class space    used 16350K, committed 16896K, reserved 1048576K
GC Heap History (20 events):
Event: 58.800 GC heap before
{Heap before GC invocations=54 (full 0):
 garbage-first heap   total 487424K, used 388621K [0x00000006e0000000, 0x0000000800000000)
  region size 4096K, 38 young (155648K), 6 survivors (24576K)
 Metaspace       used 119659K, committed 120832K, reserved 1179648K
  class space    used 16327K, committed 16832K, reserved 1048576K
}
Event: 58.826 GC heap after
{Heap after GC invocations=55 (full 0):
 garbage-first heap   total 487424K, used 185820K [0x00000006e0000000, 0x0000000800000000)
  region size 4096K, 5 young (20480K), 5 survivors (20480K)
 Metaspace       used 119659K, committed 120832K, reserved 1179648K
  class space    used 16327K, committed 16832K, reserved 1048576K
}
Event: 59.237 GC heap before
{Heap before GC invocations=55 (full 0):
 garbage-first heap   total 487424K, used 259548K [0x00000006e0000000, 0x0000000800000000)
  region size 4096K, 7 young (28672K), 5 survivors (20480K)
 Metaspace       used 119975K, committed 121216K, reserved 1179648K
  class space    used 16378K, committed 16896K, reserved 1048576K
}
Event: 59.246 GC heap after
{Heap after GC invocations=56 (full 0):
 garbage-first heap   total 487424K, used 208696K [0x00000006e0000000, 0x0000000800000000)
  region size 4096K, 2 young (8192K), 2 survivors (8192K)
 Metaspace       used 119975K, committed 121216K, reserved 1179648K
  class space    used 16378K, committed 16896K, reserved 1048576K
}
Event: 59.354 GC heap before
{Heap before GC invocations=56 (full 0):
 garbage-first heap   total 487424K, used 278328K [0x00000006e0000000, 0x0000000800000000)
  region size 4096K, 3 young (12288K), 2 survivors (8192K)
 Metaspace       used 119975K, committed 121216K, reserved 1179648K
  class space    used 16378K, committed 16896K, reserved 1048576K
}
Event: 59.360 GC heap after
{Heap after GC invocations=57 (full 0):
 garbage-first heap   total 487424K, used 240521K [0x00000006e0000000, 0x0000000800000000)
  region size 4096K, 2 young (8192K), 2 survivors (8192K)
 Metaspace       used 119975K, committed 121216K, reserved 1179648K
  class space    used 16378K, committed 16896K, reserved 1048576K
}
Event: 59.377 GC heap before
{Heap before GC invocations=57 (full 0):
 garbage-first heap   total 487424K, used 281481K [0x00000006e0000000, 0x0000000800000000)
  region size 4096K, 3 young (12288K), 2 survivors (8192K)
 Metaspace       used 119975K, committed 121216K, reserved 1179648K
  class space    used 16378K, committed 16896K, reserved 1048576K
}
Event: 59.383 GC heap after
{Heap after GC invocations=58 (full 0):
 garbage-first heap   total 487424K, used 212743K [0x00000006e0000000, 0x0000000800000000)
  region size 4096K, 2 young (8192K), 2 survivors (8192K)
 Metaspace       used 119975K, committed 121216K, reserved 1179648K
  class space    used 16378K, committed 16896K, reserved 1048576K
}
Event: 59.454 GC heap before
{Heap before GC invocations=58 (full 0):
 garbage-first heap   total 487424K, used 237319K [0x00000006e0000000, 0x0000000800000000)
  region size 4096K, 3 young (12288K), 2 survivors (8192K)
 Metaspace       used 119975K, committed 121216K, reserved 1179648K
  class space    used 16378K, committed 16896K, reserved 1048576K
}
Event: 59.460 GC heap after
{Heap after GC invocations=59 (full 0):
 garbage-first heap   total 487424K, used 223783K [0x00000006e0000000, 0x0000000800000000)
  region size 4096K, 2 young (8192K), 2 survivors (8192K)
 Metaspace       used 119975K, committed 121216K, reserved 1179648K
  class space    used 16378K, committed 16896K, reserved 1048576K
}
Event: 59.556 GC heap before
{Heap before GC invocations=59 (full 0):
 garbage-first heap   total 487424K, used 244263K [0x00000006e0000000, 0x0000000800000000)
  region size 4096K, 3 young (12288K), 2 survivors (8192K)
 Metaspace       used 119975K, committed 121216K, reserved 1179648K
  class space    used 16378K, committed 16896K, reserved 1048576K
}
Event: 59.566 GC heap after
{Heap after GC invocations=60 (full 0):
 garbage-first heap   total 974848K, used 231791K [0x00000006e0000000, 0x0000000800000000)
  region size 4096K, 2 young (8192K), 2 survivors (8192K)
 Metaspace       used 119975K, committed 121216K, reserved 1179648K
  class space    used 16378K, committed 16896K, reserved 1048576K
}
Event: 59.641 GC heap before
{Heap before GC invocations=60 (full 0):
 garbage-first heap   total 974848K, used 268655K [0x00000006e0000000, 0x0000000800000000)
  region size 4096K, 3 young (12288K), 2 survivors (8192K)
 Metaspace       used 119975K, committed 121216K, reserved 1179648K
  class space    used 16378K, committed 16896K, reserved 1048576K
}
Event: 59.648 GC heap after
{Heap after GC invocations=61 (full 0):
 garbage-first heap   total 974848K, used 248402K [0x00000006e0000000, 0x0000000800000000)
  region size 4096K, 2 young (8192K), 2 survivors (8192K)
 Metaspace       used 119975K, committed 121216K, reserved 1179648K
  class space    used 16378K, committed 16896K, reserved 1048576K
}
Event: 60.105 GC heap before
{Heap before GC invocations=61 (full 0):
 garbage-first heap   total 974848K, used 318034K [0x00000006e0000000, 0x0000000800000000)
  region size 4096K, 3 young (12288K), 2 survivors (8192K)
 Metaspace       used 119975K, committed 121216K, reserved 1179648K
  class space    used 16378K, committed 16896K, reserved 1048576K
}
Event: 60.113 GC heap after
{Heap after GC invocations=62 (full 0):
 garbage-first heap   total 974848K, used 281078K [0x00000006e0000000, 0x0000000800000000)
  region size 4096K, 2 young (8192K), 2 survivors (8192K)
 Metaspace       used 119975K, committed 121216K, reserved 1179648K
  class space    used 16378K, committed 16896K, reserved 1048576K
}
Event: 61.185 GC heap before
{Heap before GC invocations=62 (full 0):
 garbage-first heap   total 974848K, used 416246K [0x00000006e0000000, 0x0000000800000000)
  region size 4096K, 3 young (12288K), 2 survivors (8192K)
 Metaspace       used 119975K, committed 121216K, reserved 1179648K
  class space    used 16378K, committed 16896K, reserved 1048576K
}
Event: 61.191 GC heap after
{Heap after GC invocations=63 (full 0):
 garbage-first heap   total 974848K, used 346830K [0x00000006e0000000, 0x0000000800000000)
  region size 4096K, 2 young (8192K), 2 survivors (8192K)
 Metaspace       used 119975K, committed 121216K, reserved 1179648K
  class space    used 16378K, committed 16896K, reserved 1048576K
}
Event: 62.288 GC heap before
{Heap before GC invocations=64 (full 0):
 garbage-first heap   total 1040384K, used 613070K [0x00000006e0000000, 0x0000000800000000)
  region size 4096K, 3 young (12288K), 2 survivors (8192K)
 Metaspace       used 119686K, committed 121024K, reserved 1179648K
  class space    used 16350K, committed 16896K, reserved 1048576K
}
Event: 62.297 GC heap after
{Heap after GC invocations=65 (full 0):
 garbage-first heap   total 1040384K, used 477647K [0x00000006e0000000, 0x0000000800000000)
  region size 4096K, 2 young (8192K), 2 survivors (8192K)
 Metaspace       used 119686K, committed 121024K, reserved 1179648K
  class space    used 16350K, committed 16896K, reserved 1048576K
}

